{"/home/gabrieleloy/Documentos/transactionsApp/App.tsx": {"path":"/home/gabrieleloy/Documentos/transactionsApp/App.tsx","statementMap":{"0":{"start":{"line":7,"column":12},"end":{"line":11,"column":1}},"1":{"start":{"line":8,"column":2},"end":{"line":10,"column":9}},"2":{"start":{"line":12,"column":15},"end":{"line":17,"column":2}}},"fnMap":{"0":{"name":"(anonymous_0)","decl":{"start":{"line":7,"column":12},"end":{"line":7,"column":13}},"loc":{"start":{"line":8,"column":2},"end":{"line":10,"column":9}},"line":8}},"branchMap":{},"s":{"0":1,"1":1,"2":1},"f":{"0":1},"b":{},"_coverageSchema":"1a1c01bbd47fc00a2c39e90264f33305004495a9","hash":"cfb56c7553f8cc596e8750828da3793c492df76b"}
,"/home/gabrieleloy/Documentos/transactionsApp/src/components/Button/index.tsx": {"path":"/home/gabrieleloy/Documentos/transactionsApp/src/components/Button/index.tsx","statementMap":{"0":{"start":{"line":12,"column":15},"end":{"line":18,"column":1}},"1":{"start":{"line":13,"column":22},"end":{"line":13,"column":59}},"2":{"start":{"line":14,"column":2},"end":{"line":16,"column":3}},"3":{"start":{"line":15,"column":4},"end":{"line":15,"column":46}},"4":{"start":{"line":17,"column":2},"end":{"line":17,"column":61}}},"fnMap":{"0":{"name":"(anonymous_0)","decl":{"start":{"line":12,"column":15},"end":{"line":12,"column":16}},"loc":{"start":{"line":12,"column":33},"end":{"line":18,"column":1}},"line":12}},"branchMap":{"0":{"loc":{"start":{"line":14,"column":2},"end":{"line":16,"column":3}},"type":"if","locations":[{"start":{"line":14,"column":2},"end":{"line":16,"column":3}},{"start":{"line":14,"column":2},"end":{"line":16,"column":3}}],"line":14}},"s":{"0":3,"1":20,"2":20,"3":9,"4":20},"f":{"0":20},"b":{"0":[9,11]},"_coverageSchema":"1a1c01bbd47fc00a2c39e90264f33305004495a9","hash":"c5116357d6c43ad84931105b02c31d73bc349114"}
,"/home/gabrieleloy/Documentos/transactionsApp/src/components/Button/styles.tsx": {"path":"/home/gabrieleloy/Documentos/transactionsApp/src/components/Button/styles.tsx","statementMap":{"0":{"start":{"line":4,"column":15},"end":{"line":14,"column":2}}},"fnMap":{},"branchMap":{},"s":{"0":3},"f":{},"b":{},"_coverageSchema":"1a1c01bbd47fc00a2c39e90264f33305004495a9","hash":"63fc87355cdaa19a16c90e748a817eed555502bc"}
,"/home/gabrieleloy/Documentos/transactionsApp/src/components/CurrencyInput/index.tsx": {"path":"/home/gabrieleloy/Documentos/transactionsApp/src/components/CurrencyInput/index.tsx","statementMap":{"0":{"start":{"line":6,"column":22},"end":{"line":20,"column":1}},"1":{"start":{"line":7,"column":2},"end":{"line":19,"column":4}}},"fnMap":{"0":{"name":"(anonymous_0)","decl":{"start":{"line":6,"column":22},"end":{"line":6,"column":23}},"loc":{"start":{"line":6,"column":49},"end":{"line":20,"column":1}},"line":6}},"branchMap":{},"s":{"0":3,"1":10},"f":{"0":10},"b":{},"_coverageSchema":"1a1c01bbd47fc00a2c39e90264f33305004495a9","hash":"1e596b7d1b18c3ea18bf381e06399c559ea0acb6"}
,"/home/gabrieleloy/Documentos/transactionsApp/src/components/Divider/index.tsx": {"path":"/home/gabrieleloy/Documentos/transactionsApp/src/components/Divider/index.tsx","statementMap":{"0":{"start":{"line":12,"column":14},"end":{"line":14,"column":1}},"1":{"start":{"line":13,"column":2},"end":{"line":13,"column":77}}},"fnMap":{"0":{"name":"(anonymous_0)","decl":{"start":{"line":12,"column":14},"end":{"line":12,"column":15}},"loc":{"start":{"line":13,"column":2},"end":{"line":13,"column":77}},"line":13}},"branchMap":{"0":{"loc":{"start":{"line":12,"column":16},"end":{"line":12,"column":29}},"type":"default-arg","locations":[{"start":{"line":12,"column":28},"end":{"line":12,"column":29}}],"line":12},"1":{"loc":{"start":{"line":12,"column":31},"end":{"line":12,"column":50}},"type":"default-arg","locations":[{"start":{"line":12,"column":39},"end":{"line":12,"column":50}}],"line":12}},"s":{"0":3,"1":10},"f":{"0":10},"b":{"0":[10],"1":[10]},"_coverageSchema":"1a1c01bbd47fc00a2c39e90264f33305004495a9","hash":"0c5bf90f67c523efa6ec185b7e72d2a1f36baee4"}
,"/home/gabrieleloy/Documentos/transactionsApp/src/components/Divider/styles.tsx": {"path":"/home/gabrieleloy/Documentos/transactionsApp/src/components/Divider/styles.tsx","statementMap":{"0":{"start":{"line":3,"column":15},"end":{"line":10,"column":2}}},"fnMap":{},"branchMap":{},"s":{"0":3},"f":{},"b":{},"_coverageSchema":"1a1c01bbd47fc00a2c39e90264f33305004495a9","hash":"52efd02cec83bff1432f776e40748055198663dc"}
,"/home/gabrieleloy/Documentos/transactionsApp/src/components/Transaction/index.tsx": {"path":"/home/gabrieleloy/Documentos/transactionsApp/src/components/Transaction/index.tsx","statementMap":{"0":{"start":{"line":23,"column":20},"end":{"line":76,"column":1}},"1":{"start":{"line":32,"column":39},"end":{"line":34,"column":45}},"2":{"start":{"line":36,"column":22},"end":{"line":38,"column":3}},"3":{"start":{"line":37,"column":4},"end":{"line":37,"column":51}},"4":{"start":{"line":40,"column":2},"end":{"line":75,"column":4}},"5":{"start":{"line":44,"column":32},"end":{"line":44,"column":67}}},"fnMap":{"0":{"name":"(anonymous_0)","decl":{"start":{"line":23,"column":20},"end":{"line":23,"column":21}},"loc":{"start":{"line":31,"column":13},"end":{"line":76,"column":1}},"line":31},"1":{"name":"(anonymous_1)","decl":{"start":{"line":36,"column":22},"end":{"line":36,"column":23}},"loc":{"start":{"line":36,"column":28},"end":{"line":38,"column":3}},"line":36},"2":{"name":"(anonymous_2)","decl":{"start":{"line":44,"column":26},"end":{"line":44,"column":27}},"loc":{"start":{"line":44,"column":32},"end":{"line":44,"column":67}},"line":44}},"branchMap":{"0":{"loc":{"start":{"line":32,"column":39},"end":{"line":34,"column":45}},"type":"cond-expr","locations":[{"start":{"line":33,"column":6},"end":{"line":33,"column":44}},{"start":{"line":34,"column":6},"end":{"line":34,"column":45}}],"line":32}},"s":{"0":3,"1":5,"2":5,"3":0,"4":5,"5":5},"f":{"0":5,"1":0,"2":5},"b":{"0":[1,4]},"_coverageSchema":"1a1c01bbd47fc00a2c39e90264f33305004495a9","hash":"3746f0185ef83bc75d4d599578aa91ee32f92381"}
,"/home/gabrieleloy/Documentos/transactionsApp/src/components/Transaction/styles.tsx": {"path":"/home/gabrieleloy/Documentos/transactionsApp/src/components/Transaction/styles.tsx","statementMap":{"0":{"start":{"line":4,"column":15},"end":{"line":57,"column":2}}},"fnMap":{},"branchMap":{},"s":{"0":3},"f":{},"b":{},"_coverageSchema":"1a1c01bbd47fc00a2c39e90264f33305004495a9","hash":"fe183fb1d0909a9d802ba7c812f273cd0744679b"}
,"/home/gabrieleloy/Documentos/transactionsApp/src/components/Transaction/SwipeView/index.tsx": {"path":"/home/gabrieleloy/Documentos/transactionsApp/src/components/Transaction/SwipeView/index.tsx","statementMap":{"0":{"start":{"line":10,"column":18},"end":{"line":17,"column":1}},"1":{"start":{"line":11,"column":2},"end":{"line":16,"column":21}}},"fnMap":{"0":{"name":"(anonymous_0)","decl":{"start":{"line":10,"column":18},"end":{"line":10,"column":19}},"loc":{"start":{"line":11,"column":2},"end":{"line":16,"column":21}},"line":11}},"branchMap":{},"s":{"0":4,"1":6},"f":{"0":6},"b":{},"_coverageSchema":"1a1c01bbd47fc00a2c39e90264f33305004495a9","hash":"44079f09f0254ff1ace0adfe38458bebf5958851"}
,"/home/gabrieleloy/Documentos/transactionsApp/src/components/Transaction/SwipeView/styles.tsx": {"path":"/home/gabrieleloy/Documentos/transactionsApp/src/components/Transaction/SwipeView/styles.tsx","statementMap":{"0":{"start":{"line":4,"column":15},"end":{"line":18,"column":2}}},"fnMap":{},"branchMap":{},"s":{"0":4},"f":{},"b":{},"_coverageSchema":"1a1c01bbd47fc00a2c39e90264f33305004495a9","hash":"4838bbc6a1fcafb5cac90c98f624db825f4879cb"}
,"/home/gabrieleloy/Documentos/transactionsApp/src/components/TransactionsList/index.tsx": {"path":"/home/gabrieleloy/Documentos/transactionsApp/src/components/TransactionsList/index.tsx","statementMap":{"0":{"start":{"line":13,"column":25},"end":{"line":26,"column":1}},"1":{"start":{"line":14,"column":21},"end":{"line":16,"column":3}},"2":{"start":{"line":15,"column":4},"end":{"line":15,"column":80}},"3":{"start":{"line":18,"column":2},"end":{"line":25,"column":4}},"4":{"start":{"line":22,"column":30},"end":{"line":22,"column":64}}},"fnMap":{"0":{"name":"(anonymous_0)","decl":{"start":{"line":13,"column":25},"end":{"line":13,"column":26}},"loc":{"start":{"line":13,"column":72},"end":{"line":26,"column":1}},"line":13},"1":{"name":"(anonymous_1)","decl":{"start":{"line":14,"column":21},"end":{"line":14,"column":22}},"loc":{"start":{"line":15,"column":4},"end":{"line":15,"column":80}},"line":15},"2":{"name":"(anonymous_2)","decl":{"start":{"line":22,"column":20},"end":{"line":22,"column":21}},"loc":{"start":{"line":22,"column":30},"end":{"line":22,"column":64}},"line":22}},"branchMap":{},"s":{"0":2,"1":2,"2":2,"3":2,"4":2},"f":{"0":2,"1":2,"2":2},"b":{},"_coverageSchema":"1a1c01bbd47fc00a2c39e90264f33305004495a9","hash":"2743d68758da1dbd3a5974b8ebde348ae60910de"}
,"/home/gabrieleloy/Documentos/transactionsApp/src/components/TransactionsList/styles.tsx": {"path":"/home/gabrieleloy/Documentos/transactionsApp/src/components/TransactionsList/styles.tsx","statementMap":{"0":{"start":{"line":3,"column":15},"end":{"line":9,"column":2}}},"fnMap":{},"branchMap":{},"s":{"0":2},"f":{},"b":{},"_coverageSchema":"1a1c01bbd47fc00a2c39e90264f33305004495a9","hash":"0a5bf2109bd03fe8ca345917138bf477bdc9cc5e"}
,"/home/gabrieleloy/Documentos/transactionsApp/src/contexts/TransactionsContext.ts": {"path":"/home/gabrieleloy/Documentos/transactionsApp/src/contexts/TransactionsContext.ts","statementMap":{"0":{"start":{"line":10,"column":28},"end":{"line":10,"column":64}}},"fnMap":{},"branchMap":{},"s":{"0":2},"f":{},"b":{},"_coverageSchema":"1a1c01bbd47fc00a2c39e90264f33305004495a9","hash":"226578c4abe89eac04932fc9f319c178f5ae2815"}
,"/home/gabrieleloy/Documentos/transactionsApp/src/helpers/currency.ts": {"path":"/home/gabrieleloy/Documentos/transactionsApp/src/helpers/currency.ts","statementMap":{"0":{"start":{"line":4,"column":35},"end":{"line":8,"column":1}},"1":{"start":{"line":5,"column":28},"end":{"line":5,"column":50}},"2":{"start":{"line":6,"column":23},"end":{"line":6,"column":70}},"3":{"start":{"line":7,"column":2},"end":{"line":7,"column":53}},"4":{"start":{"line":10,"column":33},"end":{"line":22,"column":1}},"5":{"start":{"line":11,"column":28},"end":{"line":11,"column":39}},"6":{"start":{"line":13,"column":2},"end":{"line":21,"column":3}},"7":{"start":{"line":16,"column":6},"end":{"line":19,"column":49}}},"fnMap":{"0":{"name":"(anonymous_0)","decl":{"start":{"line":4,"column":35},"end":{"line":4,"column":36}},"loc":{"start":{"line":4,"column":60},"end":{"line":8,"column":1}},"line":4},"1":{"name":"(anonymous_1)","decl":{"start":{"line":10,"column":33},"end":{"line":10,"column":34}},"loc":{"start":{"line":10,"column":58},"end":{"line":22,"column":1}},"line":10}},"branchMap":{"0":{"loc":{"start":{"line":6,"column":23},"end":{"line":6,"column":70}},"type":"binary-expr","locations":[{"start":{"line":6,"column":23},"end":{"line":6,"column":63}},{"start":{"line":6,"column":67},"end":{"line":6,"column":70}}],"line":6},"1":{"loc":{"start":{"line":13,"column":2},"end":{"line":21,"column":3}},"type":"switch","locations":[{"start":{"line":14,"column":4},"end":{"line":14,"column":12}},{"start":{"line":15,"column":4},"end":{"line":20,"column":5}}],"line":13}},"s":{"0":5,"1":1,"2":1,"3":1,"4":5,"5":8,"6":8,"7":8},"f":{"0":1,"1":8},"b":{"0":[1,0],"1":[1,8]},"_coverageSchema":"1a1c01bbd47fc00a2c39e90264f33305004495a9","hash":"9dcb1479e2ee268bb21c8562e81827fc7dce99c1"}
,"/home/gabrieleloy/Documentos/transactionsApp/src/helpers/initialState.ts": {"path":"/home/gabrieleloy/Documentos/transactionsApp/src/helpers/initialState.ts","statementMap":{"0":{"start":{"line":3,"column":24},"end":{"line":16,"column":1}},"1":{"start":{"line":4,"column":16},"end":{"line":13,"column":3}},"2":{"start":{"line":6,"column":20},"end":{"line":8,"column":34}},"3":{"start":{"line":10,"column":6},"end":{"line":10,"column":33}},"4":{"start":{"line":15,"column":2},"end":{"line":15,"column":15}}},"fnMap":{"0":{"name":"(anonymous_0)","decl":{"start":{"line":3,"column":24},"end":{"line":3,"column":25}},"loc":{"start":{"line":3,"column":59},"end":{"line":16,"column":1}},"line":3},"1":{"name":"(anonymous_1)","decl":{"start":{"line":5,"column":4},"end":{"line":5,"column":5}},"loc":{"start":{"line":5,"column":58},"end":{"line":11,"column":5}},"line":5}},"branchMap":{"0":{"loc":{"start":{"line":6,"column":20},"end":{"line":8,"column":34}},"type":"cond-expr","locations":[{"start":{"line":7,"column":10},"end":{"line":7,"column":35}},{"start":{"line":8,"column":10},"end":{"line":8,"column":34}}],"line":6}},"s":{"0":2,"1":2,"2":4,"3":4,"4":2},"f":{"0":2,"1":4},"b":{"0":[1,3]},"_coverageSchema":"1a1c01bbd47fc00a2c39e90264f33305004495a9","hash":"49e287721a2965e2e2cdf21df37982ad9489f71e"}
,"/home/gabrieleloy/Documentos/transactionsApp/src/helpers/strings.ts": {"path":"/home/gabrieleloy/Documentos/transactionsApp/src/helpers/strings.ts","statementMap":{"0":{"start":{"line":1,"column":28},"end":{"line":20,"column":1}},"1":{"start":{"line":2,"column":25},"end":{"line":2,"column":45}},"2":{"start":{"line":3,"column":27},"end":{"line":3,"column":29}},"3":{"start":{"line":5,"column":2},"end":{"line":17,"column":3}},"4":{"start":{"line":6,"column":4},"end":{"line":14,"column":5}},"5":{"start":{"line":8,"column":6},"end":{"line":10,"column":7}},"6":{"start":{"line":9,"column":8},"end":{"line":9,"column":17}},"7":{"start":{"line":12,"column":6},"end":{"line":12,"column":34}},"8":{"start":{"line":13,"column":6},"end":{"line":13,"column":15}},"9":{"start":{"line":16,"column":4},"end":{"line":16,"column":23}},"10":{"start":{"line":19,"column":2},"end":{"line":19,"column":20}}},"fnMap":{"0":{"name":"(anonymous_0)","decl":{"start":{"line":1,"column":28},"end":{"line":1,"column":29}},"loc":{"start":{"line":1,"column":64},"end":{"line":20,"column":1}},"line":1}},"branchMap":{"0":{"loc":{"start":{"line":6,"column":4},"end":{"line":14,"column":5}},"type":"if","locations":[{"start":{"line":6,"column":4},"end":{"line":14,"column":5}},{"start":{"line":6,"column":4},"end":{"line":14,"column":5}}],"line":6},"1":{"loc":{"start":{"line":8,"column":6},"end":{"line":10,"column":7}},"type":"if","locations":[{"start":{"line":8,"column":6},"end":{"line":10,"column":7}},{"start":{"line":8,"column":6},"end":{"line":10,"column":7}}],"line":8}},"s":{"0":6,"1":3,"2":3,"3":3,"4":85,"5":24,"6":13,"7":11,"8":11,"9":61,"10":3},"f":{"0":3},"b":{"0":[24,61],"1":[13,11]},"_coverageSchema":"1a1c01bbd47fc00a2c39e90264f33305004495a9","hash":"de3e28ce2d5491bd5f1caafe517e6e1825a17ca7"}
,"/home/gabrieleloy/Documentos/transactionsApp/src/screens/ManageTransactions/index.tsx": {"path":"/home/gabrieleloy/Documentos/transactionsApp/src/screens/ManageTransactions/index.tsx","statementMap":{"0":{"start":{"line":16,"column":27},"end":{"line":106,"column":1}},"1":{"start":{"line":17,"column":44},"end":{"line":17,"column":59}},"2":{"start":{"line":18,"column":42},"end":{"line":18,"column":71}},"3":{"start":{"line":19,"column":28},"end":{"line":19,"column":39}},"4":{"start":{"line":21,"column":24},"end":{"line":22,"column":46}},"5":{"start":{"line":22,"column":4},"end":{"line":22,"column":46}},"6":{"start":{"line":24,"column":29},"end":{"line":32,"column":3}},"7":{"start":{"line":25,"column":30},"end":{"line":25,"column":72}},"8":{"start":{"line":26,"column":4},"end":{"line":31,"column":5}},"9":{"start":{"line":27,"column":33},"end":{"line":27,"column":62}},"10":{"start":{"line":29,"column":6},"end":{"line":29,"column":42}},"11":{"start":{"line":30,"column":6},"end":{"line":30,"column":40}},"12":{"start":{"line":34,"column":2},"end":{"line":36,"column":9}},"13":{"start":{"line":35,"column":4},"end":{"line":35,"column":25}},"14":{"start":{"line":40,"column":22},"end":{"line":48,"column":3}},"15":{"start":{"line":41,"column":29},"end":{"line":43,"column":31}},"16":{"start":{"line":45,"column":21},"end":{"line":45,"column":79}},"17":{"start":{"line":47,"column":4},"end":{"line":47,"column":23}},"18":{"start":{"line":53,"column":25},"end":{"line":66,"column":3}},"19":{"start":{"line":54,"column":17},"end":{"line":54,"column":39}},"20":{"start":{"line":55,"column":15},"end":{"line":55,"column":55}},"21":{"start":{"line":56,"column":29},"end":{"line":56,"column":59}},"22":{"start":{"line":57,"column":32},"end":{"line":57,"column":67}},"23":{"start":{"line":59,"column":4},"end":{"line":59,"column":41}},"24":{"start":{"line":60,"column":4},"end":{"line":60,"column":40}},"25":{"start":{"line":62,"column":4},"end":{"line":65,"column":6}},"26":{"start":{"line":68,"column":28},"end":{"line":80,"column":3}},"27":{"start":{"line":69,"column":32},"end":{"line":71,"column":5}},"28":{"start":{"line":70,"column":23},"end":{"line":70,"column":63}},"29":{"start":{"line":73,"column":4},"end":{"line":73,"column":41}},"30":{"start":{"line":74,"column":4},"end":{"line":74,"column":43}},"31":{"start":{"line":76,"column":4},"end":{"line":79,"column":6}},"32":{"start":{"line":82,"column":2},"end":{"line":105,"column":4}},"33":{"start":{"line":93,"column":25},"end":{"line":93,"column":57}}},"fnMap":{"0":{"name":"(anonymous_0)","decl":{"start":{"line":16,"column":27},"end":{"line":16,"column":28}},"loc":{"start":{"line":16,"column":33},"end":{"line":106,"column":1}},"line":16},"1":{"name":"(anonymous_1)","decl":{"start":{"line":21,"column":24},"end":{"line":21,"column":25}},"loc":{"start":{"line":22,"column":4},"end":{"line":22,"column":46}},"line":22},"2":{"name":"(anonymous_2)","decl":{"start":{"line":24,"column":29},"end":{"line":24,"column":30}},"loc":{"start":{"line":24,"column":41},"end":{"line":32,"column":3}},"line":24},"3":{"name":"(anonymous_3)","decl":{"start":{"line":34,"column":12},"end":{"line":34,"column":13}},"loc":{"start":{"line":34,"column":18},"end":{"line":36,"column":3}},"line":34},"4":{"name":"(anonymous_4)","decl":{"start":{"line":40,"column":22},"end":{"line":40,"column":23}},"loc":{"start":{"line":40,"column":68},"end":{"line":48,"column":3}},"line":40},"5":{"name":"(anonymous_5)","decl":{"start":{"line":53,"column":25},"end":{"line":53,"column":26}},"loc":{"start":{"line":53,"column":70},"end":{"line":66,"column":3}},"line":53},"6":{"name":"(anonymous_6)","decl":{"start":{"line":68,"column":28},"end":{"line":68,"column":29}},"loc":{"start":{"line":68,"column":73},"end":{"line":80,"column":3}},"line":68},"7":{"name":"(anonymous_7)","decl":{"start":{"line":70,"column":6},"end":{"line":70,"column":7}},"loc":{"start":{"line":70,"column":23},"end":{"line":70,"column":63}},"line":70},"8":{"name":"(anonymous_8)","decl":{"start":{"line":93,"column":19},"end":{"line":93,"column":20}},"loc":{"start":{"line":93,"column":25},"end":{"line":93,"column":57}},"line":93}},"branchMap":{"0":{"loc":{"start":{"line":26,"column":4},"end":{"line":31,"column":5}},"type":"if","locations":[{"start":{"line":26,"column":4},"end":{"line":31,"column":5}},{"start":{"line":26,"column":4},"end":{"line":31,"column":5}}],"line":26},"1":{"loc":{"start":{"line":41,"column":29},"end":{"line":43,"column":31}},"type":"cond-expr","locations":[{"start":{"line":42,"column":8},"end":{"line":42,"column":32}},{"start":{"line":43,"column":8},"end":{"line":43,"column":31}}],"line":41},"2":{"loc":{"start":{"line":45,"column":21},"end":{"line":45,"column":79}},"type":"cond-expr","locations":[{"start":{"line":45,"column":27},"end":{"line":45,"column":51}},{"start":{"line":45,"column":54},"end":{"line":45,"column":79}}],"line":45}},"s":{"0":1,"1":1,"2":1,"3":1,"4":1,"5":0,"6":1,"7":0,"8":0,"9":0,"10":0,"11":0,"12":1,"13":0,"14":1,"15":0,"16":0,"17":0,"18":1,"19":0,"20":0,"21":0,"22":0,"23":0,"24":0,"25":0,"26":1,"27":0,"28":0,"29":0,"30":0,"31":0,"32":1,"33":0},"f":{"0":1,"1":0,"2":0,"3":0,"4":0,"5":0,"6":0,"7":0,"8":0},"b":{"0":[0,0],"1":[0,0],"2":[0,0]},"_coverageSchema":"1a1c01bbd47fc00a2c39e90264f33305004495a9","hash":"a2c87497625aec122168e9e29b10b92ceb6475b7"}
,"/home/gabrieleloy/Documentos/transactionsApp/src/screens/ManageTransactions/styles.tsx": {"path":"/home/gabrieleloy/Documentos/transactionsApp/src/screens/ManageTransactions/styles.tsx","statementMap":{"0":{"start":{"line":4,"column":15},"end":{"line":30,"column":2}}},"fnMap":{},"branchMap":{},"s":{"0":1},"f":{},"b":{},"_coverageSchema":"1a1c01bbd47fc00a2c39e90264f33305004495a9","hash":"64979bc5f158efed73199b2986a5b9d4c1af78bb"}
,"/home/gabrieleloy/Documentos/transactionsApp/src/screens/ManageTransactions/TransactionsModal/index.tsx": {"path":"/home/gabrieleloy/Documentos/transactionsApp/src/screens/ManageTransactions/TransactionsModal/index.tsx","statementMap":{"0":{"start":{"line":17,"column":26},"end":{"line":135,"column":1}},"1":{"start":{"line":18,"column":40},"end":{"line":18,"column":52}},"2":{"start":{"line":19,"column":28},"end":{"line":19,"column":40}},"3":{"start":{"line":20,"column":30},"end":{"line":20,"column":45}},"4":{"start":{"line":22,"column":18},"end":{"line":22,"column":49}},"5":{"start":{"line":24,"column":21},"end":{"line":28,"column":3}},"6":{"start":{"line":25,"column":4},"end":{"line":25,"column":17}},"7":{"start":{"line":26,"column":4},"end":{"line":26,"column":23}},"8":{"start":{"line":27,"column":4},"end":{"line":27,"column":22}},"9":{"start":{"line":30,"column":29},"end":{"line":32,"column":3}},"10":{"start":{"line":31,"column":4},"end":{"line":31,"column":40}},"11":{"start":{"line":33,"column":22},"end":{"line":35,"column":3}},"12":{"start":{"line":34,"column":4},"end":{"line":34,"column":18}},"13":{"start":{"line":36,"column":28},"end":{"line":36,"column":76}},"14":{"start":{"line":36,"column":51},"end":{"line":36,"column":76}},"15":{"start":{"line":38,"column":28},"end":{"line":49,"column":3}},"16":{"start":{"line":39,"column":17},"end":{"line":39,"column":19}},"17":{"start":{"line":41,"column":4},"end":{"line":43,"column":5}},"18":{"start":{"line":42,"column":6},"end":{"line":42,"column":43}},"19":{"start":{"line":44,"column":4},"end":{"line":46,"column":5}},"20":{"start":{"line":45,"column":6},"end":{"line":45,"column":37}},"21":{"start":{"line":48,"column":4},"end":{"line":48,"column":18}},"22":{"start":{"line":51,"column":31},"end":{"line":66,"column":3}},"23":{"start":{"line":52,"column":19},"end":{"line":52,"column":38}},"24":{"start":{"line":54,"column":4},"end":{"line":57,"column":5}},"25":{"start":{"line":55,"column":6},"end":{"line":55,"column":44}},"26":{"start":{"line":56,"column":6},"end":{"line":56,"column":13}},"27":{"start":{"line":59,"column":4},"end":{"line":63,"column":7}},"28":{"start":{"line":64,"column":4},"end":{"line":64,"column":35}},"29":{"start":{"line":65,"column":4},"end":{"line":65,"column":17}},"30":{"start":{"line":68,"column":31},"end":{"line":71,"column":3}},"31":{"start":{"line":69,"column":4},"end":{"line":69,"column":17}},"32":{"start":{"line":70,"column":4},"end":{"line":70,"column":35}},"33":{"start":{"line":73,"column":18},"end":{"line":76,"column":3}},"34":{"start":{"line":78,"column":2},"end":{"line":134,"column":4}}},"fnMap":{"0":{"name":"(anonymous_0)","decl":{"start":{"line":17,"column":26},"end":{"line":17,"column":27}},"loc":{"start":{"line":17,"column":44},"end":{"line":135,"column":1}},"line":17},"1":{"name":"(anonymous_1)","decl":{"start":{"line":24,"column":21},"end":{"line":24,"column":22}},"loc":{"start":{"line":24,"column":27},"end":{"line":28,"column":3}},"line":24},"2":{"name":"(anonymous_2)","decl":{"start":{"line":30,"column":29},"end":{"line":30,"column":30}},"loc":{"start":{"line":30,"column":54},"end":{"line":32,"column":3}},"line":30},"3":{"name":"(anonymous_3)","decl":{"start":{"line":33,"column":22},"end":{"line":33,"column":23}},"loc":{"start":{"line":33,"column":39},"end":{"line":35,"column":3}},"line":33},"4":{"name":"(anonymous_4)","decl":{"start":{"line":36,"column":28},"end":{"line":36,"column":29}},"loc":{"start":{"line":36,"column":51},"end":{"line":36,"column":76}},"line":36},"5":{"name":"(anonymous_5)","decl":{"start":{"line":38,"column":28},"end":{"line":38,"column":29}},"loc":{"start":{"line":38,"column":34},"end":{"line":49,"column":3}},"line":38},"6":{"name":"(anonymous_6)","decl":{"start":{"line":51,"column":31},"end":{"line":51,"column":32}},"loc":{"start":{"line":51,"column":37},"end":{"line":66,"column":3}},"line":51},"7":{"name":"(anonymous_7)","decl":{"start":{"line":68,"column":31},"end":{"line":68,"column":32}},"loc":{"start":{"line":68,"column":37},"end":{"line":71,"column":3}},"line":68}},"branchMap":{"0":{"loc":{"start":{"line":41,"column":4},"end":{"line":43,"column":5}},"type":"if","locations":[{"start":{"line":41,"column":4},"end":{"line":43,"column":5}},{"start":{"line":41,"column":4},"end":{"line":43,"column":5}}],"line":41},"1":{"loc":{"start":{"line":44,"column":4},"end":{"line":46,"column":5}},"type":"if","locations":[{"start":{"line":44,"column":4},"end":{"line":46,"column":5}},{"start":{"line":44,"column":4},"end":{"line":46,"column":5}}],"line":44},"2":{"loc":{"start":{"line":54,"column":4},"end":{"line":57,"column":5}},"type":"if","locations":[{"start":{"line":54,"column":4},"end":{"line":57,"column":5}},{"start":{"line":54,"column":4},"end":{"line":57,"column":5}}],"line":54}},"s":{"0":2,"1":9,"2":9,"3":9,"4":9,"5":9,"6":0,"7":0,"8":0,"9":9,"10":0,"11":9,"12":2,"13":9,"14":2,"15":9,"16":1,"17":1,"18":1,"19":1,"20":1,"21":1,"22":9,"23":1,"24":1,"25":1,"26":1,"27":0,"28":0,"29":0,"30":9,"31":0,"32":0,"33":9,"34":9},"f":{"0":9,"1":0,"2":0,"3":2,"4":2,"5":1,"6":1,"7":0},"b":{"0":[1,0],"1":[1,0],"2":[1,0]},"_coverageSchema":"1a1c01bbd47fc00a2c39e90264f33305004495a9","hash":"7e51009282d849d5182182a9feb080be1f44f840"}
,"/home/gabrieleloy/Documentos/transactionsApp/src/screens/ManageTransactions/TransactionsModal/styles.tsx": {"path":"/home/gabrieleloy/Documentos/transactionsApp/src/screens/ManageTransactions/TransactionsModal/styles.tsx","statementMap":{"0":{"start":{"line":4,"column":15},"end":{"line":59,"column":2}}},"fnMap":{},"branchMap":{},"s":{"0":2},"f":{},"b":{},"_coverageSchema":"1a1c01bbd47fc00a2c39e90264f33305004495a9","hash":"35da15c8f90c7955023121959a0901b11bb4036a"}
,"/home/gabrieleloy/Documentos/transactionsApp/src/themes/main.ts": {"path":"/home/gabrieleloy/Documentos/transactionsApp/src/themes/main.ts","statementMap":{"0":{"start":{"line":1,"column":22},"end":{"line":9,"column":1}}},"fnMap":{},"branchMap":{},"s":{"0":7},"f":{},"b":{},"_coverageSchema":"1a1c01bbd47fc00a2c39e90264f33305004495a9","hash":"28517f1e934cb611d35305e3ae2d0b7f050813c5"}
}
