TN:
SF:App.tsx
FN:7,(anonymous_0)
FNF:1
FNH:1
FNDA:1,(anonymous_0)
DA:7,1
DA:8,1
DA:12,1
LF:3
LH:3
BRF:0
BRH:0
end_of_record
TN:
SF:src/components/Button/index.tsx
FN:12,(anonymous_0)
FNF:1
FNH:1
FNDA:20,(anonymous_0)
DA:12,3
DA:13,20
DA:14,20
DA:15,9
DA:17,20
LF:5
LH:5
BRDA:14,0,0,9
BRDA:14,0,1,11
BRF:2
BRH:2
end_of_record
TN:
SF:src/components/Button/styles.tsx
FNF:0
FNH:0
DA:4,3
LF:1
LH:1
BRF:0
BRH:0
end_of_record
TN:
SF:src/components/CurrencyInput/index.tsx
FN:6,(anonymous_0)
FNF:1
FNH:1
FNDA:10,(anonymous_0)
DA:6,3
DA:7,10
LF:2
LH:2
BRF:0
BRH:0
end_of_record
TN:
SF:src/components/Divider/index.tsx
FN:12,(anonymous_0)
FNF:1
FNH:1
FNDA:10,(anonymous_0)
DA:12,3
DA:13,10
LF:2
LH:2
BRDA:12,0,0,10
BRDA:12,1,0,10
BRF:2
BRH:2
end_of_record
TN:
SF:src/components/Divider/styles.tsx
FNF:0
FNH:0
DA:3,3
LF:1
LH:1
BRF:0
BRH:0
end_of_record
TN:
SF:src/components/Transaction/index.tsx
FN:23,(anonymous_0)
FN:36,(anonymous_1)
FN:44,(anonymous_2)
FNF:3
FNH:2
FNDA:5,(anonymous_0)
FNDA:0,(anonymous_1)
FNDA:5,(anonymous_2)
DA:23,3
DA:32,5
DA:36,5
DA:37,0
DA:40,5
DA:44,5
LF:6
LH:5
BRDA:32,0,0,1
BRDA:32,0,1,4
BRF:2
BRH:2
end_of_record
TN:
SF:src/components/Transaction/styles.tsx
FNF:0
FNH:0
DA:4,3
LF:1
LH:1
BRF:0
BRH:0
end_of_record
TN:
SF:src/components/Transaction/SwipeView/index.tsx
FN:10,(anonymous_0)
FNF:1
FNH:1
FNDA:6,(anonymous_0)
DA:10,4
DA:11,6
LF:2
LH:2
BRF:0
BRH:0
end_of_record
TN:
SF:src/components/Transaction/SwipeView/styles.tsx
FNF:0
FNH:0
DA:4,4
LF:1
LH:1
BRF:0
BRH:0
end_of_record
TN:
SF:src/components/TransactionsList/index.tsx
FN:13,(anonymous_0)
FN:14,(anonymous_1)
FN:22,(anonymous_2)
FNF:3
FNH:3
FNDA:2,(anonymous_0)
FNDA:2,(anonymous_1)
FNDA:2,(anonymous_2)
DA:13,2
DA:14,2
DA:15,2
DA:18,2
DA:22,2
LF:5
LH:5
BRF:0
BRH:0
end_of_record
TN:
SF:src/components/TransactionsList/styles.tsx
FNF:0
FNH:0
DA:3,2
LF:1
LH:1
BRF:0
BRH:0
end_of_record
TN:
SF:src/contexts/TransactionsContext.ts
FNF:0
FNH:0
DA:10,2
LF:1
LH:1
BRF:0
BRH:0
end_of_record
TN:
SF:src/helpers/currency.ts
FN:4,(anonymous_0)
FN:10,(anonymous_1)
FNF:2
FNH:2
FNDA:1,(anonymous_0)
FNDA:8,(anonymous_1)
DA:4,5
DA:5,1
DA:6,1
DA:7,1
DA:10,5
DA:11,8
DA:13,8
DA:16,8
LF:8
LH:8
BRDA:6,0,0,1
BRDA:6,0,1,0
BRDA:13,1,0,1
BRDA:13,1,1,8
BRF:4
BRH:3
end_of_record
TN:
SF:src/helpers/initialState.ts
FN:3,(anonymous_0)
FN:5,(anonymous_1)
FNF:2
FNH:2
FNDA:2,(anonymous_0)
FNDA:4,(anonymous_1)
DA:3,2
DA:4,2
DA:6,4
DA:10,4
DA:15,2
LF:5
LH:5
BRDA:6,0,0,1
BRDA:6,0,1,3
BRF:2
BRH:2
end_of_record
TN:
SF:src/helpers/strings.ts
FN:1,(anonymous_0)
FNF:1
FNH:1
FNDA:3,(anonymous_0)
DA:1,6
DA:2,3
DA:3,3
DA:5,3
DA:6,85
DA:8,24
DA:9,13
DA:12,11
DA:13,11
DA:16,61
DA:19,3
LF:11
LH:11
BRDA:6,0,0,24
BRDA:6,0,1,61
BRDA:8,1,0,13
BRDA:8,1,1,11
BRF:4
BRH:4
end_of_record
TN:
SF:src/screens/ManageTransactions/index.tsx
FN:16,(anonymous_0)
FN:21,(anonymous_1)
FN:24,(anonymous_2)
FN:34,(anonymous_3)
FN:40,(anonymous_4)
FN:53,(anonymous_5)
FN:68,(anonymous_6)
FN:70,(anonymous_7)
FN:93,(anonymous_8)
FNF:9
FNH:1
FNDA:1,(anonymous_0)
FNDA:0,(anonymous_1)
FNDA:0,(anonymous_2)
FNDA:0,(anonymous_3)
FNDA:0,(anonymous_4)
FNDA:0,(anonymous_5)
FNDA:0,(anonymous_6)
FNDA:0,(anonymous_7)
FNDA:0,(anonymous_8)
DA:16,1
DA:17,1
DA:18,1
DA:19,1
DA:21,1
DA:22,0
DA:24,1
DA:25,0
DA:26,0
DA:27,0
DA:29,0
DA:30,0
DA:34,1
DA:35,0
DA:40,1
DA:41,0
DA:45,0
DA:47,0
DA:53,1
DA:54,0
DA:55,0
DA:56,0
DA:57,0
DA:59,0
DA:60,0
DA:62,0
DA:68,1
DA:69,0
DA:70,0
DA:73,0
DA:74,0
DA:76,0
DA:82,1
DA:93,0
LF:34
LH:11
BRDA:26,0,0,0
BRDA:26,0,1,0
BRDA:41,1,0,0
BRDA:41,1,1,0
BRDA:45,2,0,0
BRDA:45,2,1,0
BRF:6
BRH:0
end_of_record
TN:
SF:src/screens/ManageTransactions/styles.tsx
FNF:0
FNH:0
DA:4,1
LF:1
LH:1
BRF:0
BRH:0
end_of_record
TN:
SF:src/screens/ManageTransactions/TransactionsModal/index.tsx
FN:17,(anonymous_0)
FN:24,(anonymous_1)
FN:30,(anonymous_2)
FN:33,(anonymous_3)
FN:36,(anonymous_4)
FN:38,(anonymous_5)
FN:51,(anonymous_6)
FN:68,(anonymous_7)
FNF:8
FNH:5
FNDA:9,(anonymous_0)
FNDA:0,(anonymous_1)
FNDA:0,(anonymous_2)
FNDA:2,(anonymous_3)
FNDA:2,(anonymous_4)
FNDA:1,(anonymous_5)
FNDA:1,(anonymous_6)
FNDA:0,(anonymous_7)
DA:17,2
DA:18,9
DA:19,9
DA:20,9
DA:22,9
DA:24,9
DA:25,0
DA:26,0
DA:27,0
DA:30,9
DA:31,0
DA:33,9
DA:34,2
DA:36,9
DA:38,9
DA:39,1
DA:41,1
DA:42,1
DA:44,1
DA:45,1
DA:48,1
DA:51,9
DA:52,1
DA:54,1
DA:55,1
DA:56,1
DA:59,0
DA:64,0
DA:65,0
DA:68,9
DA:69,0
DA:70,0
DA:73,9
DA:78,9
LF:34
LH:25
BRDA:41,0,0,1
BRDA:41,0,1,0
BRDA:44,1,0,1
BRDA:44,1,1,0
BRDA:54,2,0,1
BRDA:54,2,1,0
BRF:6
BRH:3
end_of_record
TN:
SF:src/screens/ManageTransactions/TransactionsModal/styles.tsx
FNF:0
FNH:0
DA:4,2
LF:1
LH:1
BRF:0
BRH:0
end_of_record
TN:
SF:src/themes/main.ts
FNF:0
FNH:0
DA:1,7
LF:1
LH:1
BRF:0
BRH:0
end_of_record
